
createCordovaProject:
     [echo] === start create cordova project ===
     [echo] /usr/local/bin/cordova create /Users/uapma/BuildServer/umpfiles/userfiles/32/7304/project/a
     [echo] 			com.yonyou.atmosphere 空气盒子
     [echo] 		
     [exec] Creating a new cordova project.
     [echo] === end create cordova project ===

BUILD SUCCESSFUL
Total time: 1 second

addPlatform:
     [echo] add platform
     [echo] cordova platform add android@/Users/uapma/BuildServer/umpfiles/cordovaLibs/platforms/cordova-android.tgz --save
     [exec] Adding android project...
     [exec] Creating Cordova project for the Android platform:
     [exec] 	Path: platforms/android
     [exec] 	Package: com.yonyou.atmosphere
     [exec] 	Name: ____
     [exec] 	Activity: MainActivity
     [exec] 	Android target: android-25
     [exec] Subproject Path: CordovaLib
     [exec] Android project created with cordova-android@6.1.2
     [exec] Discovered plugin "cordova-plugin-whitelist" in config.xml. Adding it to the project
     [exec] Fetching plugin "cordova-plugin-whitelist@1" via npm
     [exec] Installing "cordova-plugin-whitelist" for android
     [exec] 
     [exec]                This plugin is only applicable for versions of cordova-android greater than 4.0. If you have a previous platform version, you do *not* need this plugin since the whitelist will be built in.
     [exec]           
     [exec] Saved plugin info for "cordova-plugin-whitelist" to config.xml
     [exec] --save flag or autosave detected
     [exec] Saving android@/Users/uapma/BuildServer/umpfiles/cordovaLibs/platforms/cordova-android.tgz into config.xml file ...
     [echo] === end add platform===

BUILD SUCCESSFUL
Total time: 5 seconds

initCordovaPlugins:
     [echo] add plugin in cordovaproject
     [echo]  start add plugin /Users/uapma/BuildServer/umpfiles/cordovaLibs/plugins/system/common/summer-plugin-apm 
     [exec] Installing "summer-plugin-apm" for android
     [echo]  end add plugin /Users/uapma/BuildServer/umpfiles/cordovaLibs/plugins/system/common/summer-plugin-apm 
     [echo]  start add plugin /Users/uapma/BuildServer/umpfiles/cordovaLibs/plugins/system/common/summer-plugin-core 
     [exec] Installing "summer-plugin-core" for android
     [echo]  end add plugin /Users/uapma/BuildServer/umpfiles/cordovaLibs/plugins/system/common/summer-plugin-core 
     [echo]  start add plugin /Users/uapma/BuildServer/umpfiles/cordovaLibs/plugins/system/common/summer-plugin-frame 
     [exec] Installing "summer-plugin-frame" for android
     [echo]  end add plugin /Users/uapma/BuildServer/umpfiles/cordovaLibs/plugins/system/common/summer-plugin-frame 
     [echo]  start add plugin /Users/uapma/BuildServer/umpfiles/cordovaLibs/plugins/system/common/summer-plugin-service 
     [exec] Installing "summer-plugin-service" for android
     [echo]  end add plugin /Users/uapma/BuildServer/umpfiles/cordovaLibs/plugins/system/common/summer-plugin-service 
     [echo]  start add plugin /Users/uapma/BuildServer/umpfiles/cordovaLibs/plugins/system/android/common/summer-plugin-android-resource 
     [exec] Installing "summer-plugin-android-resource" for android
     [exec] Subproject Path: CordovaLib
     [echo]  end add plugin /Users/uapma/BuildServer/umpfiles/cordovaLibs/plugins/system/android/common/summer-plugin-android-resource 
     [echo]  start add plugin /Users/uapma/BuildServer/umpfiles/cordovaLibs/plugins/system/android/release/summer-plugin-android-release 
     [exec] Installing "summer-plugin-android-release" for android
     [exec] Subproject Path: CordovaLib
     [echo]  end add plugin /Users/uapma/BuildServer/umpfiles/cordovaLibs/plugins/system/android/release/summer-plugin-android-release 
     [echo]  start add plugin /Users/uapma/BuildServer/umpfiles/cordovaLibs/plugins/cordova/cordova-plugin-compat 
     [exec] Installing "cordova-plugin-compat" for android
     [echo]  end add plugin /Users/uapma/BuildServer/umpfiles/cordovaLibs/plugins/cordova/cordova-plugin-compat 
     [echo]  start add plugin /Users/uapma/BuildServer/umpfiles/cordovaLibs/plugins/cordova/cordova-plugin-file 
     [exec] Installing "cordova-plugin-file" for android
     [exec] Dependent plugin "cordova-plugin-compat" already installed on android.
     [exec] 
     [exec] The Android Persistent storage location now defaults to "Internal". Please check this plugin's README to see if your application needs any changes in its config.xml.
     [exec] 
     [exec] If this is a new application no changes are required.
     [exec] 
     [exec] If this is an update to an existing application that did not specify an "AndroidPersistentFileLocation" you may need to add:
     [exec] 
     [exec]       "<preference name="AndroidPersistentFileLocation" value="Compatibility" />"
     [exec] 
     [exec] to config.xml in order for the application to find previously stored files.
     [exec]         
     [echo]  end add plugin /Users/uapma/BuildServer/umpfiles/cordovaLibs/plugins/cordova/cordova-plugin-file 
     [echo]  start add plugin /Users/uapma/BuildServer/umpfiles/cordovaLibs/plugins/cordova/cordova-plugin-http 
     [exec] Installing "cordova-plugin-http" for android
     [exec] Dependent plugin "cordova-plugin-file" already installed on android.
     [echo]  end add plugin /Users/uapma/BuildServer/umpfiles/cordovaLibs/plugins/cordova/cordova-plugin-http 
     [echo]  start add plugin /Users/uapma/BuildServer/umpfiles/cordovaLibs/plugins/cordova/cordova-plugin-camera 
     [exec] Installing "cordova-plugin-camera" for android
     [exec] Dependent plugin "cordova-plugin-compat" already installed on android.
     [exec] Subproject Path: CordovaLib
     [echo]  end add plugin /Users/uapma/BuildServer/umpfiles/cordovaLibs/plugins/cordova/cordova-plugin-camera 
     [echo] === end add plugin ===

BUILD SUCCESSFUL
Total time: 18 seconds

buildAndroid:
     [echo] Start Build Android App
     [echo] start copy file to platform_www
     [copy] Copying 1 file to /Users/uapma/BuildServer/umpfiles/userfiles/32/7304/project/a/platforms/android/platform_www/css
     [echo] end copy file to platform_www
     [echo] start copy public
     [echo] zip /Users/uapma/BuildServer/umpfiles/userfiles/32/7304/project/a/platforms/android/platform_www/ -- /Users/uapma/BuildServer/umpfiles/userfiles/32/7304/project/a/platforms/android/assert/public/www.zip
      [zip] Building zip: /Users/uapma/BuildServer/umpfiles/userfiles/32/7304/project/a/platforms/android/assets/public/www.zip
     [echo] end copy public
     [echo] /usr/local/bin/cordova build android --release -- --keystore /Users/dongzhk/BuildServer/umpfiles/profile/ump.keystore --alias ump --storePassword 123456 --password umpump
     [echo] Build base Dir /Users/uapma/BuildServer/umpfiles/userfiles/32/7304/project/a
     [exec] ANDROID_HOME=/Applications/android-sdk-macosx-r16
     [exec] JAVA_HOME=/Library/Java/JavaVirtualMachines/jdk1.8.0_73.jdk/Contents/Home
     [exec] Reading build config file: /Users/uapma/BuildServer/umpfiles/userfiles/32/7304/project/a/build.json
     [exec] Reading the keystore from: /Users/uapma/BuildServer/umpfiles/profile/32/ump_20170619164555.keystore
     [exec] Subproject Path: CordovaLib
     [exec] Incremental java compilation is an incubating feature.
     [exec] :preBuild UP-TO-DATE
     [exec] :preReleaseBuild UP-TO-DATE
     [exec] :checkReleaseManifest
     [exec] :CordovaLib:preBuild UP-TO-DATE
     [exec] :CordovaLib:preReleaseBuild UP-TO-DATE
     [exec] :CordovaLib:checkReleaseManifest
     [exec] :CordovaLib:prepareReleaseDependencies
     [exec] :CordovaLib:compileReleaseAidl
     [exec] :CordovaLib:compileReleaseNdk UP-TO-DATE
     [exec] :CordovaLib:compileLint
     [exec] :CordovaLib:copyReleaseLint UP-TO-DATE
     [exec] :CordovaLib:mergeReleaseShaders
     [exec] :CordovaLib:compileReleaseShaders
     [exec] :CordovaLib:generateReleaseAssets
     [exec] :CordovaLib:mergeReleaseAssets
     [exec] :CordovaLib:mergeReleaseProguardFiles
     [exec] :CordovaLib:packageReleaseRenderscript UP-TO-DATE
     [exec] :CordovaLib:compileReleaseRenderscript
     [exec] :CordovaLib:generateReleaseResValues
     [exec] :CordovaLib:generateReleaseResources
     [exec] :CordovaLib:packageReleaseResources
     [exec] :CordovaLib:processReleaseManifest
     [exec] :CordovaLib:generateReleaseBuildConfig
     [exec] :CordovaLib:processReleaseResources
     [exec] :CordovaLib:generateReleaseSources
     [exec] :CordovaLib:incrementalReleaseJavaCompilationSafeguard
     [exec] :CordovaLib:compileReleaseJavaWithJavac
     [exec] :CordovaLib:compileReleaseJavaWithJavac - is not incremental (e.g. outputs have changed, no previous execution, etc.).
     [exec] :CordovaLib:processReleaseJavaRes UP-TO-DATE
     [exec] :CordovaLib:transformResourcesWithMergeJavaResForRelease
     [exec] :CordovaLib:transformClassesAndResourcesWithSyncLibJarsForRelease
     [exec] :CordovaLib:mergeReleaseJniLibFolders
     [exec] :CordovaLib:transformNative_libsWithMergeJniLibsForRelease
     [exec] :CordovaLib:transformNative_libsWithSyncJniLibsForRelease
     [exec] :CordovaLib:bundleRelease
     [exec] :prepareAndroidCordovaLibUnspecifiedReleaseLibrary
     [exec] :preDebugBuild UP-TO-DATE
     [exec] :CordovaLib:preDebugBuild UP-TO-DATE
     [exec] :CordovaLib:checkDebugManifest
     [exec] :CordovaLib:prepareDebugDependencies
     [exec] :CordovaLib:compileDebugAidl
     [exec] :CordovaLib:compileDebugNdk UP-TO-DATE
     [exec] :CordovaLib:copyDebugLint UP-TO-DATE
     [exec] :CordovaLib:mergeDebugShaders
     [exec] :CordovaLib:compileDebugShaders
     [exec] :CordovaLib:generateDebugAssets
     [exec] :CordovaLib:mergeDebugAssets
     [exec] :CordovaLib:mergeDebugProguardFiles
     [exec] :CordovaLib:packageDebugRenderscript UP-TO-DATE
     [exec] :CordovaLib:compileDebugRenderscript
     [exec] :CordovaLib:generateDebugResValues
     [exec] :CordovaLib:generateDebugResources
     [exec] :CordovaLib:packageDebugResources
     [exec] :CordovaLib:processDebugManifest
     [exec] :CordovaLib:generateDebugBuildConfig
     [exec] :CordovaLib:processDebugResources
     [exec] :CordovaLib:generateDebugSources
     [exec] :CordovaLib:incrementalDebugJavaCompilationSafeguard
     [exec] :CordovaLib:compileDebugJavaWithJavac
     [exec] :CordovaLib:compileDebugJavaWithJavac - is not incremental (e.g. outputs have changed, no previous execution, etc.).
     [exec] :CordovaLib:processDebugJavaRes UP-TO-DATE
     [exec] :CordovaLib:transformResourcesWithMergeJavaResForDebug
     [exec] :CordovaLib:transformClassesAndResourcesWithSyncLibJarsForDebug
     [exec] :CordovaLib:mergeDebugJniLibFolders
     [exec] :CordovaLib:transformNative_libsWithMergeJniLibsForDebug
     [exec] :CordovaLib:transformNative_libsWithSyncJniLibsForDebug
     [exec] :CordovaLib:bundleDebug
     [exec] :prepareComAndroidSupportAnimatedVectorDrawable2411Library
     [exec] :prepareComAndroidSupportAppcompatV72411Library
     [exec] :preDebugAndroidTestBuild UP-TO-DATE
     [exec] :prepareComAndroidSupportMultidex101Library
     [exec] :prepareComAndroidSupportSupportV42411Library
     [exec] :prepareComAndroidSupportSupportVectorDrawable2411Library
     [exec] :prepareOrgXutilsXutils3340Library
     [exec] :prepareYyemmsdkLibrary
     [exec] :prepareYymamsdkLibrary
     [exec] :prepareYysummerLibrary
     [exec] :prepareYyudaccessorLibrary
     [exec] :prepareReleaseDependencies
     [exec] :compileReleaseAidl
     [exec] :compileReleaseRenderscript
     [exec] :generateReleaseBuildConfig
     [exec] :generateReleaseResValues
     [exec] :generateReleaseResources
     [exec] :mergeReleaseResources
     [exec] :processReleaseManifest
     [exec] [:yyemmsdk:] /Users/uapma/BuildServer/umpfiles/userfiles/32/7304/project/a/platforms/android/build/intermediates/exploded-aar/yyemmsdk/AndroidManifest.xml:30:5-79 Warning:
     [exec] 	Element uses-permission#android.permission.ACCESS_FINE_LOCATION at [:yyemmsdk:] AndroidManifest.xml:30:5-79 duplicated with element declared at [:yyemmsdk:] AndroidManifest.xml:27:5-79
     [exec] :processReleaseResources
     [exec] :generateReleaseSources
     [exec] :incrementalReleaseJavaCompilationSafeguard
     [exec] :compileReleaseJavaWithJavac
     [exec] :compileReleaseJavaWithJavac - is not incremental (e.g. outputs have changed, no previous execution, etc.).
     [exec] :compileReleaseNdk UP-TO-DATE
     [exec] :compileReleaseSources
     [exec] :lintVitalRelease注: 某些输入文件使用或覆盖了已过时的 API。
     [exec] 注: 有关详细信息, 请使用 -Xlint:deprecation 重新编译。
     [exec] 注: /Users/uapma/BuildServer/umpfiles/userfiles/32/7304/project/a/platforms/android/src/org/apache/cordova/file/AssetFilesystem.java使用了未经检查或不安全的操作。
     [exec] 注: 有关详细信息, 请使用 -Xlint:unchecked 重新编译。
     [exec] 
     [exec] :mergeReleaseShaders
     [exec] :compileReleaseShaders
     [exec] :generateReleaseAssets
     [exec] :mergeReleaseAssets
     [exec] :transformClassesWithJarMergingForRelease
     [exec] :collectReleaseMultiDexComponents
     [exec] :transformClassesWithMultidexlistForRelease
     [exec] :transformClassesWithDexForRelease
     [exec] :mergeReleaseJniLibFolders
     [exec] :transformNative_libsWithMergeJniLibsForRelease
     [exec] :processReleaseJavaRes UP-TO-DATE
     [exec] :transformResourcesWithMergeJavaResForRelease
     [exec] :validateSigningRelease
     [exec] :packageRelease
     [exec] :assembleRelease
     [exec] :cdvBuildRelease
     [exec] 
     [exec] BUILD SUCCESSFUL
     [exec] 
     [exec] Total time: 10.552 secs
     [exec] Built the following apk(s): 
     [exec] 	/Users/uapma/BuildServer/umpfiles/userfiles/32/7304/project/a/platforms/android/build/outputs/apk/android-release.apk
     [echo] End Build Android App
     [echo] Start Copy APK
     [copy] Copying 1 file to /Users/uapma/BuildServer/umpfiles/userfiles/32/7304/output/install
     [echo] End Copy APK

BUILD SUCCESSFUL
Total time: 13 seconds
